/*C32*/SET SCHEMA PUBLIC
DISCONNECT
/*C34*/SET SCHEMA PUBLIC
DISCONNECT
/*C33*/SET SCHEMA PUBLIC
DISCONNECT
/*C35*/SET SCHEMA PUBLIC
DISCONNECT
/*C36*/SET SCHEMA PUBLIC
DISCONNECT
/*C37*/SET SCHEMA PUBLIC
DISCONNECT
/*C38*/SET SCHEMA PUBLIC
DISCONNECT
/*C43*/SET SCHEMA PUBLIC
create sequence SEQ_AGENT\u000a
DISCONNECT
/*C44*/SET SCHEMA PUBLIC
create sequence SEQ_JOB\u000a
DISCONNECT
/*C40*/SET SCHEMA PUBLIC
INSERT INTO COM_EPIS_EAI_AGENT VALUES('AGENT-0','','Windows','EUC-KR','james','james','James Brown','010-2222-3333',NULL,'N',NULL,'2014-06-23 10:23:49.174000',NULL)
COMMIT
ALTER SEQUENCE PUBLIC.SEQ_AGENT RESTART WITH 1
DELETE FROM COM_EPIS_EAI_AGENT WHERE AGENT_ID='AGENT-0'
INSERT INTO COM_EPIS_EAI_AGENT VALUES('AGENT-0','','Windows','EUC-KR','james','james','James Brown','010-2222-3334',NULL,'N',NULL,'2014-06-23 10:23:49.174000','2014-06-23 10:24:01.031000')
COMMIT
DELETE FROM COM_EPIS_EAI_AGENT WHERE AGENT_ID='AGENT-0'
INSERT INTO COM_EPIS_EAI_AGENT VALUES('AGENT-0','','Unix','UTF-8','james','james','James Brown','010-2222-3334',NULL,'N',NULL,'2014-06-23 10:23:49.174000','2014-06-23 10:24:23.853000')
COMMIT
INSERT INTO COM_EPIS_EAI_AGENT VALUES('AGENT-1','','Unix','UTF-8','charles','charles','Ray Charles','011-2223-1122',NULL,'N',NULL,'2014-06-23 10:25:41.308000',NULL)
COMMIT
ALTER SEQUENCE PUBLIC.SEQ_AGENT RESTART WITH 2
/*C41*/SET SCHEMA PUBLIC
DISCONNECT
/*C42*/SET SCHEMA PUBLIC
DISCONNECT
/*C40*/DISCONNECT
/*C39*/SET SCHEMA PUBLIC
DISCONNECT
