/*C5*/SET SCHEMA PUBLIC
DISCONNECT
/*C10*/SET SCHEMA PUBLIC
CREATE TABLE BBS_COMMENT (\u000d\u000a \u0009S_BBS_ID VARCHAR(50),\u000d\u000a\u0009I_BBS_IDX INTEGER,\u000d\u000a\u0009I_COMMENT_IDX INTEGER,\u000d\u000a\u0009S_COMMENT VARCHAR(2000)\u000d\u000a)\u000d\u000a
INSERT INTO BBS_COMMENT VALUES('1',1,1,'cmt_1')
COMMIT
INSERT INTO BBS_COMMENT VALUES('1',1,2,'cmt_2')
COMMIT
INSERT INTO BBS_COMMENT VALUES('1',1,3,'cmt_3')
COMMIT
DISCONNECT
/*C11*/SET SCHEMA PUBLIC
DISCONNECT
/*C12*/SET SCHEMA PUBLIC
DISCONNECT
/*C13*/SET SCHEMA PUBLIC
DISCONNECT
/*C14*/SET SCHEMA PUBLIC
CREATE TABLE BBS_INFO(\u000d\u000a\u0009S_BBS_ID VARCHAR2(50) PRIMARY KEY,\u000d\u000a\u0009S_BBS_NAME VARCHAR2(50),\u000d\u000a\u0009C_BBS_TYPE VARCHAR2(50),\u000d\u000a\u0009C_USE_YN CHAR(1),\u000d\u000a\u0009C_EMAIL_YN CHAR(1),\u000d\u000a\u0009C_NOTICE_YN CHAR(1),\u000d\u000a\u0009I_HOT_ICON_COUNT INTEGER,\u000d\u000a\u0009I_NEW_ICON_DAY INTEGER,\u000d\u000a\u0009C_POPUP_YN CHAR(1),\u000d\u000a\u0009C_OPEN_YN CHAR(1),\u000d\u000a\u0009C_VOTE_YN CHAR(1),\u000d\u000a\u0009C_REPLY_YN CHAR(1),\u000d\u000a\u0009C_COMMENT_YN CHAR(1),\u000d\u000a\u0009C_HTML_YN CHAR(1),\u000d\u000a\u0009C_WASTE_YN CHAR(1),\u000d\u000a\u0009S_DATE_FORMAT VARCHAR2(20),\u000d\u000a\u0009I_LIST_COUNT INTEGER,\u000d\u000a\u0009I_FILE_COUNT INTEGER,\u000d\u000a\u0009I_FILE_SIZE INTEGER,\u000d\u000a\u0009S_HEADER VARCHAR2(2000),\u000d\u000a\u0009S_HEAD_DESC VARCHAR2(2000),\u000d\u000a\u0009S_TAIL_DESC VARCHAR2(2000),\u000d\u000a\u0009D_CREATE TIMESTAMP\u000d\u000a)
DISCONNECT
/*C15*/SET SCHEMA PUBLIC
DROP TABLE BBS_INFO\u000d\u000a
DISCONNECT
/*C16*/SET SCHEMA PUBLIC
DISCONNECT
/*C17*/SET SCHEMA PUBLIC
DISCONNECT
/*C18*/SET SCHEMA PUBLIC
CREATE TABLE BBS_INFO(\u000d\u000a\u0009S_BBS_ID VARCHAR2(50) PRIMARY KEY,\u000d\u000a\u0009S_BBS_NAME VARCHAR2(50),\u000d\u000a\u0009C_BBS_TYPE VARCHAR2(50),\u000d\u000a\u0009C_USE_YN CHAR(1),\u000d\u000a\u0009C_EMAIL_YN CHAR(1),\u000d\u000a\u0009C_NOTICE_YN CHAR(1),\u000d\u000a\u0009I_HOT_ICON_COUNT INTEGER,\u000d\u000a\u0009I_NEW_ICON_DAY INTEGER,\u000d\u000a\u0009C_POPUP_YN CHAR(1),\u000d\u000a\u0009C_OPEN_YN CHAR(1),\u000d\u000a\u0009C_VOTE_YN CHAR(1),\u000d\u000a\u0009C_REPLY_YN CHAR(1),\u000d\u000a\u0009C_COMMENT_YN CHAR(1),\u000d\u000a\u0009C_HTML_YN CHAR(1),\u000d\u000a\u0009C_WASTE_YN CHAR(1),\u000d\u000a\u0009S_DATE_FORMAT VARCHAR2(20),\u000d\u000a\u0009I_LIST_COUNT INTEGER,\u000d\u000a\u0009I_FILE_COUNT INTEGER,\u000d\u000a\u0009I_FILE_SIZE INTEGER,\u000d\u000a\u0009S_HEADER VARCHAR2(2000),\u000d\u000a\u0009S_HEAD_DESC VARCHAR2(2000),\u000d\u000a\u0009S_TAIL_DESC VARCHAR2(2000),\u000d\u000a\u0009D_CREATE TIMESTAMP\u000d\u000a)\u000d\u000a
INSERT INTO BBS_INFO VALUES('1','help','N','Y','N','N',0,0,'N','N','N','Y','N','Y','N','yyyy/MM/dd',10,10,100,NULL,NULL,NULL,'2011-10-30 01:02:06.000000')
COMMIT
INSERT INTO BBS_INFO VALUES('2','qna','N','Y','N','N',0,0,'N','N','N','Y','N','Y','N','yyyy/MM/dd',10,10,100,NULL,NULL,NULL,'2011-10-30 01:02:15.000000')
COMMIT
DISCONNECT
/*C19*/SET SCHEMA PUBLIC
DROP TABLE BBS_COMMENT\u000d\u000a
CREATE TABLE BBS_COMMENT (\u000d\u000a \u0009S_BBS_ID VARCHAR2(50),\u000d\u000a\u0009I_BBS_IDX INTEGER,\u000d\u000a\u0009I_COMMENT_IDX INTEGER,\u000d\u000a\u0009S_COMMENT VARCHAR2(2000),\u000d\u000a\u0009PRIMARY KEY(S_BBS_ID,I_BBS_IDX,I_COMMENT_IDX)\u000d\u000a)\u000d\u000a
INSERT INTO BBS_COMMENT VALUES('1',1,1,'cmt_1')
COMMIT
INSERT INTO BBS_COMMENT VALUES('1',1,2,'cmt_2')
COMMIT
INSERT INTO BBS_COMMENT VALUES('1',1,3,'cmt_3')
COMMIT
DISCONNECT
/*C20*/SET SCHEMA PUBLIC
CREATE TABLE BBS_DATA(\u000d\u000a\u0009S_BBS_ID VARCHAR2(50),\u000d\u000a\u0009I_BBS_IDX INTEGER,\u000d\u000a\u0009I_PARENT_IDX INTEGER,\u000d\u000a\u0009I_IDX_LEFT INTEGER,\u000d\u000a\u0009I_IDX_RIGHT INTEGER,\u000d\u000a\u0009S_BBS_TITLE VARCHAR2(2000),\u000d\u000a\u0009S_BBS_DESC VARCHAR2(2000),\u000d\u000a\u0009PRIMARY KEY(S_BBS_ID,I_BBS_IDX)\u000d\u000a)\u000d\u000a
INSERT INTO BBS_DATA VALUES('1',1,0,NULL,NULL,'help_1','help_desc')
COMMIT
INSERT INTO BBS_DATA VALUES('1',2,0,NULL,NULL,'help_2','help_desc')
COMMIT
INSERT INTO BBS_DATA VALUES('2',1,0,NULL,NULL,'qna_1','qna_desc')
COMMIT
DISCONNECT
/*C21*/SET SCHEMA PUBLIC
DISCONNECT
/*C22*/SET SCHEMA PUBLIC
DISCONNECT
/*C23*/SET SCHEMA PUBLIC
CREATE TABLE BBS_FILE(\u000d\u000a\u0009S_BBS_ID VARCHAR2(50),\u000d\u000a\u0009I_BBS_IDX INTEGER,\u000d\u000a\u0009I_FILE_IDX INTEGER,\u000d\u000a\u0009S_LOCAL_FILEPAHT VARCHAR2(2000),\u000d\u000a\u0009S_SERVER_FILENAME VARCHAR2(2000),\u000d\u000a\u0009S_SERVER_PATH VARCHAR2(2000),\u000d\u000a\u0009S_FILE_TYPE VARCHAR2(50),\u000d\u000a\u0009C_THUMB_YN CHAR(1),\u000d\u000a\u0009C_MAJOR_YN CHAR(1),\u000d\u000a\u0009PRIMARY KEY(S_BBS_ID,I_BBS_IDX,I_FILE_IDX)\u000d\u000a)
DISCONNECT
/*C24*/SET SCHEMA PUBLIC
DROP TABLE BBS_FILE\u000d\u000a
CREATE TABLE BBS_FILE(\u000d\u000a\u0009S_BBS_ID VARCHAR2(50),\u000d\u000a\u0009I_BBS_IDX INTEGER,\u000d\u000a\u0009I_FILE_IDX INTEGER,\u000d\u000a\u0009S_LOCAL_FILEPAHT VARCHAR2(2000),\u000d\u000a\u0009S_SERVER_FILENAME VARCHAR2(2000),\u000d\u000a\u0009S_SERVER_PATH VARCHAR2(2000),\u000d\u000a\u0009S_FILE_TYPE VARCHAR2(50),\u000d\u000a\u0009C_THUMB_YN CHAR(1),\u000d\u000a\u0009C_MAJOR_YN CHAR(1),\u000d\u000a\u0009PRIMARY KEY(S_BBS_ID,I_BBS_IDX,I_FILE_IDX)\u000d\u000a)\u000d\u000a
INSERT INTO BBS_FILE VALUES('1',1,1,'filename','filename','/','image','N','N')
COMMIT
DISCONNECT
/*C25*/SET SCHEMA PUBLIC
DROP TABLE BBS_INFO\u000d\u000a
CREATE TABLE BBS_INFO(\u000d\u000a\u0009S_BBS_ID VARCHAR2(50) PRIMARY KEY,\u000d\u000a\u0009S_BBS_NAME VARCHAR2(50),\u000d\u000a\u0009C_BBS_TYPE CHAR(1),\u000d\u000a\u0009C_USE_YN CHAR(1),\u000d\u000a\u0009C_EMAIL_YN CHAR(1),\u000d\u000a\u0009C_NOTICE_YN CHAR(1),\u000d\u000a\u0009I_HOT_ICON_COUNT INTEGER,\u000d\u000a\u0009I_NEW_ICON_DAY INTEGER,\u000d\u000a\u0009C_POPUP_YN CHAR(1),\u000d\u000a\u0009C_OPEN_YN CHAR(1),\u000d\u000a\u0009C_VOTE_YN CHAR(1),\u000d\u000a\u0009C_REPLY_YN CHAR(1),\u000d\u000a\u0009C_COMMENT_YN CHAR(1),\u000d\u000a\u0009C_HTML_YN CHAR(1),\u000d\u000a\u0009C_WASTE_YN CHAR(1),\u000d\u000a\u0009S_DATE_FORMAT VARCHAR2(20),\u000d\u000a\u0009I_LIST_COUNT INTEGER,\u000d\u000a\u0009I_FILE_COUNT INTEGER,\u000d\u000a\u0009I_FILE_SIZE INTEGER,\u000d\u000a\u0009S_HEADER VARCHAR2(2000),\u000d\u000a\u0009S_HEAD_DESC VARCHAR2(2000),\u000d\u000a\u0009S_TAIL_DESC VARCHAR2(2000),\u000d\u000a\u0009D_CREATE TIMESTAMP\u000d\u000a)\u000d\u000a
INSERT INTO BBS_INFO VALUES('1','help','N','Y','N','N',0,0,'N','N','N','Y','N','Y','N','yyyy/MM/dd',10,10,100,NULL,NULL,NULL,'2011-10-30 01:02:06.000000')
COMMIT
INSERT INTO BBS_INFO VALUES('2','qna','N','Y','N','N',0,0,'N','N','N','Y','N','Y','N','yyyy/MM/dd',10,10,100,NULL,NULL,NULL,'2011-10-30 01:02:15.000000')
COMMIT
DISCONNECT
/*C6*/SET SCHEMA PUBLIC
INSERT INTO BBS_DATA VALUES('1',3,0,0,0,'\ud14c\uc2a4\ud2b8','\ud14c\uc2a4\ud2b8\ub0b4\uc6a9')
COMMIT
DISCONNECT
/*C7*/SET SCHEMA PUBLIC
DISCONNECT
/*C26*/SET SCHEMA PUBLIC
DISCONNECT
/*C27*/SET SCHEMA PUBLIC
INSERT INTO BBS_DATA VALUES('1',4,0,0,0,'\ub450\ubc88\uc9f8','\ud14c\uc2a4\ud2b8\ub0b4\uc6a92')
COMMIT
INSERT INTO BBS_DATA VALUES('1',5,0,0,0,'\uc138\ubc88\uc9f8','\ud14c\uc2a4\ud2b8\ub0b4\uc6a93')
COMMIT
DISCONNECT
/*C28*/SET SCHEMA PUBLIC
DISCONNECT
/*C29*/SET SCHEMA PUBLIC
INSERT INTO BBS_DATA VALUES('1',6,0,0,0,'\ub124\ubc88\uc9f8','\ud14c\uc2a4\ud2b84')
COMMIT
DISCONNECT
/*C30*/SET SCHEMA PUBLIC
DISCONNECT
/*C31*/SET SCHEMA PUBLIC
DISCONNECT
/*C32*/SET SCHEMA PUBLIC
DISCONNECT
/*C33*/SET SCHEMA PUBLIC
DISCONNECT
/*C34*/SET SCHEMA PUBLIC
DISCONNECT
/*C35*/SET SCHEMA PUBLIC
DISCONNECT
/*C36*/SET SCHEMA PUBLIC
DISCONNECT
/*C37*/SET SCHEMA PUBLIC
INSERT INTO BBS_DATA VALUES('1',7,0,0,0,'\ub2f7\ubc88\uc9f8','\ub0b4\uc6a95')
COMMIT
/*C38*/SET SCHEMA PUBLIC
DISCONNECT
/*C39*/SET SCHEMA PUBLIC
DISCONNECT
/*C37*/DISCONNECT
/*C40*/SET SCHEMA PUBLIC
DISCONNECT
/*C41*/SET SCHEMA PUBLIC
INSERT INTO BBS_DATA VALUES('1',8,0,0,0,'\ub2f7\ubc88\uc9f8','\ub0b4\uc6a95')
COMMIT
DISCONNECT
/*C42*/SET SCHEMA PUBLIC
DISCONNECT
/*C43*/SET SCHEMA PUBLIC
INSERT INTO BBS_DATA VALUES('1',9,0,0,0,'\uc77c\uacf1\ubc88\uc9f8','77777')
COMMIT
INSERT INTO BBS_DATA VALUES('1',10,0,0,0,'\uc131\uacf5','\uc131\uacf5\ud588\uc2a4')
COMMIT
INSERT INTO BBS_DATA VALUES('1',11,0,0,0,'\uc131\uacf5\ud588\ub098?','\uc9c4\uc9dc\ub8e8')
COMMIT
INSERT INTO BBS_DATA VALUES('1',12,0,0,0,'\uc0bd\uc9c8\uacc4\uc18d','\uacc4\uc18d')
COMMIT
INSERT INTO BBS_DATA VALUES('1',13,0,0,0,'\uc0bd\uc9c82','\uc0bd \uc9c8')
COMMIT
DISCONNECT
/*C44*/SET SCHEMA PUBLIC
DISCONNECT
/*C45*/SET SCHEMA PUBLIC
INSERT INTO BBS_DATA VALUES('1',14,0,0,0,'\uc0bd\uc9c83','\uc0bd \uc9c8')
COMMIT
INSERT INTO BBS_DATA VALUES('1',15,0,0,0,'\uc0bd\uc9c84','\uacc4\uc18d\uc0bd\uc9c8')
COMMIT
DISCONNECT
/*C46*/SET SCHEMA PUBLIC
DISCONNECT
/*C47*/SET SCHEMA PUBLIC
DISCONNECT
/*C48*/SET SCHEMA PUBLIC
DISCONNECT
/*C49*/SET SCHEMA PUBLIC
INSERT INTO BBS_DATA VALUES('1',16,0,0,0,'\uc0bd\uc9c85','\uc0bd \uc9c8')
COMMIT
DISCONNECT
/*C50*/SET SCHEMA PUBLIC
DISCONNECT
/*C51*/SET SCHEMA PUBLIC
INSERT INTO BBS_DATA VALUES('1',17,0,0,0,'\uc0bd\uc9c85','\uc0bd \uc9c8')
COMMIT
DISCONNECT
/*C52*/SET SCHEMA PUBLIC
DISCONNECT
/*C53*/SET SCHEMA PUBLIC
INSERT INTO BBS_DATA VALUES('1',18,0,0,0,'\uc0bd\uc9c87','\uc0bd\uc9c87777')
COMMIT
DISCONNECT
